android/app/build/intermediates/manifest_merge_blame_file/debug/manifest-merger-blame-debug-report.txt
1<?xml version="1.0" encoding="utf-8"?>
2<manifest xmlns:android="http://schemas.android.com/apk/res/android"
3    package="com.reactnativefirebase"
4    android:versionCode="1"
5    android:versionName="1.0" >
6
7    <uses-sdk
8        android:minSdkVersion="16"
9        android:targetSdkVersion="28" />
10
11    <uses-permission android:name="android.permission.SYSTEM_ALERT_WINDOW" />
11-->src/debug/AndroidManifest.xml:5:5-77
11-->src/debug/AndroidManifest.xml:5:22-75
12    <uses-permission android:name="android.permission.INTERNET" />
12-->src/main/AndroidManifest.xml:4:5-67
12-->src/main/AndroidManifest.xml:4:22-64
13    <uses-permission android:name="android.permission.ACCESS_WIFI_STATE" />
13-->[com.facebook.flipper:flipper:0.33.1] AndroidManifest.xml:16:5-76
13-->[com.facebook.flipper:flipper:0.33.1] AndroidManifest.xml:16:22-73
14    <uses-permission android:name="android.permission.ACCESS_NETWORK_STATE" />
14-->[:react-native-firebase_analytics] AndroidManifest.xml:11:5-79
14-->[:react-native-firebase_analytics] AndroidManifest.xml:11:22-76
15    <uses-permission android:name="android.permission.WAKE_LOCK" />
15-->[:react-native-firebase_analytics] AndroidManifest.xml:13:5-68
15-->[:react-native-firebase_analytics] AndroidManifest.xml:13:22-65
16    <uses-permission android:name="com.google.android.finsky.permission.BIND_GET_INSTALL_REFERRER_SERVICE" /> <!-- Required by older versions of Google Play services to create IID tokens -->
16-->[com.google.android.gms:play-services-measurement:17.2.2] AndroidManifest.xml:26:5-110
16-->[com.google.android.gms:play-services-measurement:17.2.2] AndroidManifest.xml:26:22-107
17    <uses-permission android:name="com.google.android.c2dm.permission.RECEIVE" />
17-->[com.google.firebase:firebase-iid:20.0.2] AndroidManifest.xml:26:5-82
17-->[com.google.firebase:firebase-iid:20.0.2] AndroidManifest.xml:26:22-79
18
19    <application
19-->src/main/AndroidManifest.xml:6:5-25:19
20        android:name="com.reactnativefirebase.MainApplication"
20-->src/main/AndroidManifest.xml:7:7-38
21        android:allowBackup="false"
21-->src/main/AndroidManifest.xml:11:7-34
22        android:appComponentFactory="androidx.core.app.CoreComponentFactory"
22-->[androidx.core:core:1.1.0] AndroidManifest.xml:24:18-86
23        android:debuggable="true"
24        android:icon="@mipmap/ic_launcher"
24-->src/main/AndroidManifest.xml:9:7-41
25        android:label="@string/app_name"
25-->src/main/AndroidManifest.xml:8:7-39
26        android:roundIcon="@mipmap/ic_launcher_round"
26-->src/main/AndroidManifest.xml:10:7-52
27        android:theme="@style/AppTheme"
27-->src/main/AndroidManifest.xml:12:7-38
28        android:usesCleartextTraffic="true" >
28-->src/debug/AndroidManifest.xml:7:18-53
29        <activity
29-->src/main/AndroidManifest.xml:13:7-23:18
30            android:name="com.reactnativefirebase.MainActivity"
30-->src/main/AndroidManifest.xml:14:9-37
31            android:configChanges="keyboard|keyboardHidden|orientation|screenSize|uiMode"
31-->src/main/AndroidManifest.xml:16:9-86
32            android:label="@string/app_name"
32-->src/main/AndroidManifest.xml:15:9-41
33            android:launchMode="singleTask"
33-->src/main/AndroidManifest.xml:17:9-40
34            android:windowSoftInputMode="adjustResize" >
34-->src/main/AndroidManifest.xml:18:9-51
35            <intent-filter>
35-->src/main/AndroidManifest.xml:19:9-22:25
36                <action android:name="android.intent.action.MAIN" />
36-->src/main/AndroidManifest.xml:20:13-65
36-->src/main/AndroidManifest.xml:20:21-62
37
38                <category android:name="android.intent.category.LAUNCHER" />
38-->src/main/AndroidManifest.xml:21:13-73
38-->src/main/AndroidManifest.xml:21:23-70
39            </intent-filter>
40        </activity>
41        <activity android:name="com.facebook.react.devsupport.DevSettingsActivity" /> <!-- Disable crashlytics by default so we can custom init with CrashlyticsNdk support -->
41-->src/main/AndroidManifest.xml:24:7-84
41-->src/main/AndroidManifest.xml:24:17-81
42        <meta-data
42-->[:react-native-firebase_crashlytics] AndroidManifest.xml:14:9-16:37
43            android:name="firebase_crashlytics_collection_enabled"
43-->[:react-native-firebase_crashlytics] AndroidManifest.xml:15:13-67
44            android:value="false" />
44-->[:react-native-firebase_crashlytics] AndroidManifest.xml:16:13-34
45
46        <provider
46-->[:react-native-firebase_crashlytics] AndroidManifest.xml:18:9-22:38
47            android:name="io.invertase.firebase.crashlytics.ReactNativeFirebaseCrashlyticsInitProvider"
47-->[:react-native-firebase_crashlytics] AndroidManifest.xml:19:13-104
48            android:authorities="com.reactnativefirebase.reactnativefirebasecrashlyticsinitprovider"
48-->[:react-native-firebase_crashlytics] AndroidManifest.xml:20:13-94
49            android:exported="false"
49-->[:react-native-firebase_crashlytics] AndroidManifest.xml:21:13-37
50            android:initOrder="98" />
50-->[:react-native-firebase_crashlytics] AndroidManifest.xml:22:13-35
51        <provider
51-->[com.google.firebase:firebase-perf:19.0.2] AndroidManifest.xml:25:9-29:39
52            android:name="com.google.firebase.perf.provider.FirebasePerfProvider"
52-->[com.google.firebase:firebase-perf:19.0.2] AndroidManifest.xml:26:13-82
53            android:authorities="com.reactnativefirebase.firebaseperfprovider"
53-->[com.google.firebase:firebase-perf:19.0.2] AndroidManifest.xml:27:13-72
54            android:exported="false"
54-->[com.google.firebase:firebase-perf:19.0.2] AndroidManifest.xml:28:13-37
55            android:initOrder="101" />
55-->[com.google.firebase:firebase-perf:19.0.2] AndroidManifest.xml:29:13-36
56
57        <service
57-->[com.google.firebase:firebase-perf:19.0.2] AndroidManifest.xml:31:9-37:19
58            android:name="com.google.firebase.components.ComponentDiscoveryService"
58-->[com.google.firebase:firebase-perf:19.0.2] AndroidManifest.xml:32:13-84
59            android:directBootAware="true"
59-->[com.google.firebase:firebase-common:19.3.0] AndroidManifest.xml:34:13-43
60            android:exported="false" >
60-->[com.google.firebase:firebase-perf:19.0.2] AndroidManifest.xml:33:13-37
61            <meta-data
61-->[com.google.firebase:firebase-perf:19.0.2] AndroidManifest.xml:34:13-36:85
62                android:name="com.google.firebase.components:com.google.firebase.perf.FirebasePerfRegistrar"
62-->[com.google.firebase:firebase-perf:19.0.2] AndroidManifest.xml:35:17-109
63                android:value="com.google.firebase.components.ComponentRegistrar" />
63-->[com.google.firebase:firebase-perf:19.0.2] AndroidManifest.xml:36:17-82
64            <meta-data
64-->[com.google.android.gms:play-services-measurement-api:17.2.2] AndroidManifest.xml:30:13-32:85
65                android:name="com.google.firebase.components:com.google.firebase.analytics.connector.internal.AnalyticsConnectorRegistrar"
65-->[com.google.android.gms:play-services-measurement-api:17.2.2] AndroidManifest.xml:31:17-139
66                android:value="com.google.firebase.components.ComponentRegistrar" />
66-->[com.google.android.gms:play-services-measurement-api:17.2.2] AndroidManifest.xml:32:17-82
67            <meta-data
67-->[com.google.firebase:firebase-config:19.0.3] AndroidManifest.xml:32:13-34:85
68                android:name="com.google.firebase.components:com.google.firebase.remoteconfig.RemoteConfigRegistrar"
68-->[com.google.firebase:firebase-config:19.0.3] AndroidManifest.xml:33:17-117
69                android:value="com.google.firebase.components.ComponentRegistrar" />
69-->[com.google.firebase:firebase-config:19.0.3] AndroidManifest.xml:34:17-82
70            <meta-data
70-->[com.google.firebase:firebase-iid:20.0.2] AndroidManifest.xml:32:13-34:85
71                android:name="com.google.firebase.components:com.google.firebase.iid.Registrar"
71-->[com.google.firebase:firebase-iid:20.0.2] AndroidManifest.xml:33:17-96
72                android:value="com.google.firebase.components.ComponentRegistrar" />
72-->[com.google.firebase:firebase-iid:20.0.2] AndroidManifest.xml:34:17-82
73            <meta-data
73-->[com.google.firebase:firebase-abt:19.0.0] AndroidManifest.xml:13:13-15:85
74                android:name="com.google.firebase.components:com.google.firebase.abt.component.AbtRegistrar"
74-->[com.google.firebase:firebase-abt:19.0.0] AndroidManifest.xml:14:17-109
75                android:value="com.google.firebase.components.ComponentRegistrar" />
75-->[com.google.firebase:firebase-abt:19.0.0] AndroidManifest.xml:15:17-82
76        </service>
77
78        <receiver
78-->[com.google.android.gms:play-services-measurement:17.2.2] AndroidManifest.xml:29:9-33:20
79            android:name="com.google.android.gms.measurement.AppMeasurementReceiver"
79-->[com.google.android.gms:play-services-measurement:17.2.2] AndroidManifest.xml:30:13-85
80            android:enabled="true"
80-->[com.google.android.gms:play-services-measurement:17.2.2] AndroidManifest.xml:31:13-35
81            android:exported="false" >
81-->[com.google.android.gms:play-services-measurement:17.2.2] AndroidManifest.xml:32:13-37
82        </receiver>
83        <receiver
83-->[com.google.android.gms:play-services-measurement:17.2.2] AndroidManifest.xml:34:9-42:20
84            android:name="com.google.android.gms.measurement.AppMeasurementInstallReferrerReceiver"
84-->[com.google.android.gms:play-services-measurement:17.2.2] AndroidManifest.xml:35:13-100
85            android:enabled="true"
85-->[com.google.android.gms:play-services-measurement:17.2.2] AndroidManifest.xml:36:13-35
86            android:exported="true"
86-->[com.google.android.gms:play-services-measurement:17.2.2] AndroidManifest.xml:37:13-36
87            android:permission="android.permission.INSTALL_PACKAGES" >
87-->[com.google.android.gms:play-services-measurement:17.2.2] AndroidManifest.xml:38:13-69
88            <intent-filter>
88-->[com.google.android.gms:play-services-measurement:17.2.2] AndroidManifest.xml:39:13-41:29
89                <action android:name="com.android.vending.INSTALL_REFERRER" />
89-->[com.google.android.gms:play-services-measurement:17.2.2] AndroidManifest.xml:40:17-79
89-->[com.google.android.gms:play-services-measurement:17.2.2] AndroidManifest.xml:40:25-76
90            </intent-filter>
91        </receiver>
92
93        <service
93-->[com.google.android.gms:play-services-measurement:17.2.2] AndroidManifest.xml:44:9-47:40
94            android:name="com.google.android.gms.measurement.AppMeasurementService"
94-->[com.google.android.gms:play-services-measurement:17.2.2] AndroidManifest.xml:45:13-84
95            android:enabled="true"
95-->[com.google.android.gms:play-services-measurement:17.2.2] AndroidManifest.xml:46:13-35
96            android:exported="false" />
96-->[com.google.android.gms:play-services-measurement:17.2.2] AndroidManifest.xml:47:13-37
97        <service
97-->[com.google.android.gms:play-services-measurement:17.2.2] AndroidManifest.xml:48:9-52:72
98            android:name="com.google.android.gms.measurement.AppMeasurementJobService"
98-->[com.google.android.gms:play-services-measurement:17.2.2] AndroidManifest.xml:49:13-87
99            android:enabled="true"
99-->[com.google.android.gms:play-services-measurement:17.2.2] AndroidManifest.xml:50:13-35
100            android:exported="false"
100-->[com.google.android.gms:play-services-measurement:17.2.2] AndroidManifest.xml:51:13-37
101            android:permission="android.permission.BIND_JOB_SERVICE" />
101-->[com.google.android.gms:play-services-measurement:17.2.2] AndroidManifest.xml:52:13-69
102
103        <receiver
103-->[com.google.firebase:firebase-iid:20.0.2] AndroidManifest.xml:37:9-44:20
104            android:name="com.google.firebase.iid.FirebaseInstanceIdReceiver"
104-->[com.google.firebase:firebase-iid:20.0.2] AndroidManifest.xml:38:13-78
105            android:exported="true"
105-->[com.google.firebase:firebase-iid:20.0.2] AndroidManifest.xml:39:13-36
106            android:permission="com.google.android.c2dm.permission.SEND" >
106-->[com.google.firebase:firebase-iid:20.0.2] AndroidManifest.xml:40:13-73
107            <intent-filter>
107-->[com.google.firebase:firebase-iid:20.0.2] AndroidManifest.xml:41:13-43:29
108                <action android:name="com.google.android.c2dm.intent.RECEIVE" />
108-->[com.google.firebase:firebase-iid:20.0.2] AndroidManifest.xml:42:17-81
108-->[com.google.firebase:firebase-iid:20.0.2] AndroidManifest.xml:42:25-78
109            </intent-filter>
110        </receiver>
111
112        <provider
112-->[com.google.firebase:firebase-common:19.3.0] AndroidManifest.xml:26:9-30:39
113            android:name="com.google.firebase.provider.FirebaseInitProvider"
113-->[com.google.firebase:firebase-common:19.3.0] AndroidManifest.xml:27:13-77
114            android:authorities="com.reactnativefirebase.firebaseinitprovider"
114-->[com.google.firebase:firebase-common:19.3.0] AndroidManifest.xml:28:13-72
115            android:exported="false"
115-->[com.google.firebase:firebase-common:19.3.0] AndroidManifest.xml:29:13-37
116            android:initOrder="100" />
116-->[com.google.firebase:firebase-common:19.3.0] AndroidManifest.xml:30:13-36
117
118        <activity
118-->[com.google.android.gms:play-services-base:17.0.0] AndroidManifest.xml:23:9-26:75
119            android:name="com.google.android.gms.common.api.GoogleApiActivity"
119-->[com.google.android.gms:play-services-base:17.0.0] AndroidManifest.xml:24:13-79
120            android:exported="false"
120-->[com.google.android.gms:play-services-base:17.0.0] AndroidManifest.xml:25:13-37
121            android:theme="@android:style/Theme.Translucent.NoTitleBar" />
121-->[com.google.android.gms:play-services-base:17.0.0] AndroidManifest.xml:26:13-72
122
123        <meta-data
123-->[com.google.android.gms:play-services-basement:17.0.0] AndroidManifest.xml:23:9-25:69
124            android:name="com.google.android.gms.version"
124-->[com.google.android.gms:play-services-basement:17.0.0] AndroidManifest.xml:24:13-58
125            android:value="@integer/google_play_services_version" />
125-->[com.google.android.gms:play-services-basement:17.0.0] AndroidManifest.xml:25:13-66
126
127        <provider
127-->[com.crashlytics.sdk.android:crashlytics:2.10.1] AndroidManifest.xml:19:9-23:38
128            android:name="com.crashlytics.android.CrashlyticsInitProvider"
128-->[com.crashlytics.sdk.android:crashlytics:2.10.1] AndroidManifest.xml:20:13-75
129            android:authorities="com.reactnativefirebase.crashlyticsinitprovider"
129-->[com.crashlytics.sdk.android:crashlytics:2.10.1] AndroidManifest.xml:21:13-75
130            android:exported="false"
130-->[com.crashlytics.sdk.android:crashlytics:2.10.1] AndroidManifest.xml:22:13-37
131            android:initOrder="90" />
131-->[com.crashlytics.sdk.android:crashlytics:2.10.1] AndroidManifest.xml:23:13-35
132
133        <meta-data
133-->[com.crashlytics.sdk.android:crashlytics-ndk:2.1.1] AndroidManifest.xml:35:9-37:36
134            android:name="firebase_crashlytics_ndk_enabled"
134-->[com.crashlytics.sdk.android:crashlytics-ndk:2.1.1] AndroidManifest.xml:36:13-60
135            android:value="true" />
135-->[com.crashlytics.sdk.android:crashlytics-ndk:2.1.1] AndroidManifest.xml:37:13-33
136    </application>
137
138</manifest>